<?xml version="1.0" encoding="UTF-8"?>
<!-- Generated by org.testng.reporters.JUnitReportReporter -->
<testsuite skipped="0" hostname="Sunnys-MacBook-Pro.local" name="selanium.NewTest" tests="1" failures="0" timestamp="10 Mar 2019 00:29:11 GMT" time="2.662" errors="0">
  <testcase name="f" time="2.662" classname="selanium.NewTest"/>
</testsuite> <!-- selanium.NewTest -->
